<?xml version="1.0" encoding="UTF-8"?>
<robot generator="Robot 7.2.2 (Python 3.13.3 on win32)" generated="2025-05-23T17:09:30.948706" rpa="false" schemaversion="5">
<suite id="s1" name="Teste Cadastro Curso" source="C:\Users\User\source\repos\TrainMaster\robot\teste_cadastro_curso.robot">
<test id="s1-t1" name="Cenário: Adicionar um novo curso com sucesso" line="63">
<kw name="Abrir o navegador e fazer login">
<kw name="Open Browser" owner="SeleniumLibrary">
<msg time="2025-05-23T17:09:31.625297" level="INFO">Opening browser 'chrome' to base url 'http://127.0.0.1:5215/Login'.</msg>
<arg>${URL_LOGIN}</arg>
<arg>${BROWSER}</arg>
<doc>Opens a new browser instance to the optional ``url``.</doc>
<status status="PASS" start="2025-05-23T17:09:31.625089" elapsed="2.174760"/>
</kw>
<kw name="Maximize Browser Window" owner="SeleniumLibrary">
<doc>Maximizes current browser window.</doc>
<status status="PASS" start="2025-05-23T17:09:33.801162" elapsed="0.023695"/>
</kw>
<kw name="Sleep" owner="BuiltIn">
<msg time="2025-05-23T17:09:35.825493" level="INFO">Slept 2 seconds.</msg>
<arg>2s</arg>
<doc>Pauses the test executed for the given time.</doc>
<status status="PASS" start="2025-05-23T17:09:33.825032" elapsed="2.000576"/>
</kw>
<kw name="Input Text" owner="SeleniumLibrary">
<msg time="2025-05-23T17:09:35.826247" level="INFO">Typing text '04052972384' into text field '//*[@id='Cpf']'.</msg>
<arg>${INPUT_CPF}</arg>
<arg>${CPF}</arg>
<doc>Types the given ``text`` into the text field identified by ``locator``.</doc>
<status status="PASS" start="2025-05-23T17:09:35.825779" elapsed="0.117463"/>
</kw>
<kw name="Input Text" owner="SeleniumLibrary">
<msg time="2025-05-23T17:09:35.943666" level="INFO">Typing text 'qwer12' into text field '//*[@id='Password']'.</msg>
<arg>${INPUT_SENHA}</arg>
<arg>${SENHA}</arg>
<doc>Types the given ``text`` into the text field identified by ``locator``.</doc>
<status status="PASS" start="2025-05-23T17:09:35.943416" elapsed="0.071876"/>
</kw>
<kw name="Click Button" owner="SeleniumLibrary">
<msg time="2025-05-23T17:09:36.015685" level="INFO">Clicking button '//button[contains(text(),'Entrar')]'.</msg>
<arg>${BOTAO_ENTRAR}</arg>
<doc>Clicks the button identified by ``locator``.</doc>
<status status="PASS" start="2025-05-23T17:09:36.015476" elapsed="0.077429"/>
</kw>
<kw name="Sleep" owner="BuiltIn">
<msg time="2025-05-23T17:09:38.093738" level="INFO">Slept 2 seconds.</msg>
<arg>2s</arg>
<doc>Pauses the test executed for the given time.</doc>
<status status="PASS" start="2025-05-23T17:09:36.093068" elapsed="2.000794"/>
</kw>
<kw name="Capture Page Screenshot" owner="SeleniumLibrary">
<msg time="2025-05-23T17:09:38.202509" level="INFO" html="true">&lt;/td&gt;&lt;/tr&gt;&lt;tr&gt;&lt;td colspan="3"&gt;&lt;a href="selenium-screenshot-1.png"&gt;&lt;img src="selenium-screenshot-1.png" width="800px"&gt;&lt;/a&gt;</msg>
<doc>Takes a screenshot of the current page and embeds it into a log file.</doc>
<status status="PASS" start="2025-05-23T17:09:38.094062" elapsed="0.108546"/>
</kw>
<status status="PASS" start="2025-05-23T17:09:31.624402" elapsed="6.578310"/>
</kw>
<kw name="Navegar até página de cursos">
<kw name="Click Link" owner="SeleniumLibrary">
<msg time="2025-05-23T17:09:38.203395" level="INFO">Clicking link 'Cursos'.</msg>
<arg>Cursos</arg>
<doc>Clicks a link identified by ``locator``.</doc>
<status status="PASS" start="2025-05-23T17:09:38.203265" elapsed="0.229848"/>
</kw>
<kw name="Sleep" owner="BuiltIn">
<msg time="2025-05-23T17:09:40.433869" level="INFO">Slept 2 seconds.</msg>
<arg>2s</arg>
<doc>Pauses the test executed for the given time.</doc>
<status status="PASS" start="2025-05-23T17:09:38.433342" elapsed="2.000641"/>
</kw>
<kw name="Capture Page Screenshot" owner="SeleniumLibrary">
<msg time="2025-05-23T17:09:40.539975" level="INFO" html="true">&lt;/td&gt;&lt;/tr&gt;&lt;tr&gt;&lt;td colspan="3"&gt;&lt;a href="selenium-screenshot-2.png"&gt;&lt;img src="selenium-screenshot-2.png" width="800px"&gt;&lt;/a&gt;</msg>
<doc>Takes a screenshot of the current page and embeds it into a log file.</doc>
<status status="PASS" start="2025-05-23T17:09:40.434182" elapsed="0.105940"/>
</kw>
<status status="PASS" start="2025-05-23T17:09:38.203012" elapsed="2.337230"/>
</kw>
<kw name="Acessar tela de cadastro de curso">
<kw name="Wait Until Element Is Visible" owner="SeleniumLibrary">
<arg>${BOTAO_NOVO_CURSO}</arg>
<arg>10s</arg>
<doc>Waits until the element ``locator`` is visible.</doc>
<status status="PASS" start="2025-05-23T17:09:40.540789" elapsed="0.024244"/>
</kw>
<kw name="Click Element" owner="SeleniumLibrary">
<msg time="2025-05-23T17:09:40.565551" level="INFO">Clicking element '//button[contains(text(),'+ Novo Curso')]'.</msg>
<arg>${BOTAO_NOVO_CURSO}</arg>
<doc>Click the element identified by ``locator``.</doc>
<status status="PASS" start="2025-05-23T17:09:40.565272" elapsed="0.259514"/>
</kw>
<kw name="Sleep" owner="BuiltIn">
<msg time="2025-05-23T17:09:42.825337" level="INFO">Slept 2 seconds.</msg>
<arg>2s</arg>
<doc>Pauses the test executed for the given time.</doc>
<status status="PASS" start="2025-05-23T17:09:40.824943" elapsed="2.000531"/>
</kw>
<kw name="Capture Page Screenshot" owner="SeleniumLibrary">
<msg time="2025-05-23T17:09:42.935508" level="INFO" html="true">&lt;/td&gt;&lt;/tr&gt;&lt;tr&gt;&lt;td colspan="3"&gt;&lt;a href="selenium-screenshot-3.png"&gt;&lt;img src="selenium-screenshot-3.png" width="800px"&gt;&lt;/a&gt;</msg>
<doc>Takes a screenshot of the current page and embeds it into a log file.</doc>
<status status="PASS" start="2025-05-23T17:09:42.825686" elapsed="0.109914"/>
</kw>
<status status="PASS" start="2025-05-23T17:09:40.540544" elapsed="2.395155"/>
</kw>
<kw name="Preencher dados do curso">
<kw name="Input Text" owner="SeleniumLibrary">
<msg time="2025-05-23T17:09:42.936554" level="INFO">Typing text 'Curso de Robot Framework Avançado' into text field '//*[@name='Name']'.</msg>
<arg>${INPUT_NOME}</arg>
<arg>Curso de Robot Framework Avançado</arg>
<doc>Types the given ``text`` into the text field identified by ``locator``.</doc>
<status status="PASS" start="2025-05-23T17:09:42.936324" elapsed="0.113570"/>
</kw>
<kw name="Input Text" owner="SeleniumLibrary">
<msg time="2025-05-23T17:09:43.050385" level="INFO">Typing text 'Automação de testes com Robot Framework Avançado' into text field '//*[@name='Description']'.</msg>
<arg>${INPUT_DESCRICAO}</arg>
<arg>Automação de testes com Robot Framework Avançado</arg>
<doc>Types the given ``text`` into the text field identified by ``locator``.</doc>
<status status="PASS" start="2025-05-23T17:09:43.050118" elapsed="0.163795"/>
</kw>
<kw name="Input Text" owner="SeleniumLibrary">
<msg time="2025-05-23T17:09:43.214417" level="INFO">Typing text '22/05/2025' into text field '//*[@name='StartDate']'.</msg>
<arg>${INPUT_START_DATE}</arg>
<arg>22/05/2025</arg>
<doc>Types the given ``text`` into the text field identified by ``locator``.</doc>
<status status="PASS" start="2025-05-23T17:09:43.214138" elapsed="0.075526"/>
</kw>
<kw name="Input Text" owner="SeleniumLibrary">
<msg time="2025-05-23T17:09:43.290097" level="INFO">Typing text '31/05/2025' into text field '//*[@name='EndDate']'.</msg>
<arg>${INPUT_END_DATE}</arg>
<arg>31/05/2025</arg>
<doc>Types the given ``text`` into the text field identified by ``locator``.</doc>
<status status="PASS" start="2025-05-23T17:09:43.289855" elapsed="0.104754"/>
</kw>
<kw name="Sleep" owner="BuiltIn">
<msg time="2025-05-23T17:09:44.395331" level="INFO">Slept 1 second.</msg>
<arg>1s</arg>
<doc>Pauses the test executed for the given time.</doc>
<status status="PASS" start="2025-05-23T17:09:43.394793" elapsed="1.000648"/>
</kw>
<kw name="Capture Page Screenshot" owner="SeleniumLibrary">
<msg time="2025-05-23T17:09:44.496030" level="INFO" html="true">&lt;/td&gt;&lt;/tr&gt;&lt;tr&gt;&lt;td colspan="3"&gt;&lt;a href="selenium-screenshot-4.png"&gt;&lt;img src="selenium-screenshot-4.png" width="800px"&gt;&lt;/a&gt;</msg>
<doc>Takes a screenshot of the current page and embeds it into a log file.</doc>
<status status="PASS" start="2025-05-23T17:09:44.395607" elapsed="0.100539"/>
</kw>
<status status="PASS" start="2025-05-23T17:09:42.936033" elapsed="1.560314"/>
</kw>
<kw name="Salvar cadastro">
<kw name="Click Element" owner="SeleniumLibrary">
<msg time="2025-05-23T17:09:44.496981" level="INFO">Clicking element '//button[contains(text(),'Salvar')]'.</msg>
<arg>${BTN_SALVAR}</arg>
<doc>Click the element identified by ``locator``.</doc>
<status status="PASS" start="2025-05-23T17:09:44.496824" elapsed="0.289859"/>
</kw>
<kw name="Sleep" owner="BuiltIn">
<msg time="2025-05-23T17:09:46.787726" level="INFO">Slept 2 seconds.</msg>
<arg>2s</arg>
<doc>Pauses the test executed for the given time.</doc>
<status status="PASS" start="2025-05-23T17:09:44.786907" elapsed="2.001013"/>
</kw>
<kw name="Capture Page Screenshot" owner="SeleniumLibrary">
<msg time="2025-05-23T17:09:46.909274" level="INFO" html="true">&lt;/td&gt;&lt;/tr&gt;&lt;tr&gt;&lt;td colspan="3"&gt;&lt;a href="selenium-screenshot-5.png"&gt;&lt;img src="selenium-screenshot-5.png" width="800px"&gt;&lt;/a&gt;</msg>
<doc>Takes a screenshot of the current page and embeds it into a log file.</doc>
<status status="PASS" start="2025-05-23T17:09:46.788205" elapsed="0.121159"/>
</kw>
<status status="PASS" start="2025-05-23T17:09:44.496606" elapsed="2.412837"/>
</kw>
<kw name="Fechar navegador">
<kw name="Close Browser" owner="SeleniumLibrary">
<doc>Closes the current browser.</doc>
<status status="PASS" start="2025-05-23T17:09:46.909909" elapsed="2.135390"/>
</kw>
<status status="PASS" start="2025-05-23T17:09:46.909697" elapsed="2.135782"/>
</kw>
<tag>cadastro</tag>
<tag>curso</tag>
<tag>positivo</tag>
<status status="PASS" start="2025-05-23T17:09:31.623566" elapsed="17.422285"/>
</test>
<status status="PASS" start="2025-05-23T17:09:30.949825" elapsed="18.096863"/>
</suite>
<statistics>
<total>
<stat pass="1" fail="0" skip="0">All Tests</stat>
</total>
<tag>
<stat pass="1" fail="0" skip="0">cadastro</stat>
<stat pass="1" fail="0" skip="0">curso</stat>
<stat pass="1" fail="0" skip="0">positivo</stat>
</tag>
<suite>
<stat name="Teste Cadastro Curso" id="s1" pass="1" fail="0" skip="0">Teste Cadastro Curso</stat>
</suite>
</statistics>
<errors>
</errors>
</robot>
