<?xml version="1.0" encoding="UTF-8"?>
<robot generator="Robot 7.2.2 (Python 3.13.3 on win32)" generated="2025-05-23T17:38:34.594097" rpa="false" schemaversion="5">
<suite id="s1" name="Teste Cadastro Curso Bug" source="C:\Users\User\source\repos\TrainMaster\robot_bug\teste_cadastro_curso_bug.robot">
<test id="s1-t1" name="Cenário: Adicionar um novo curso com sucesso" line="63">
<kw name="Abrir o navegador e fazer login">
<kw name="Open Browser" owner="SeleniumLibrary">
<msg time="2025-05-23T17:38:34.800550" level="INFO">Opening browser 'chrome' to base url 'http://127.0.0.1:5215/Login'.</msg>
<arg>${URL_LOGIN}</arg>
<arg>${BROWSER}</arg>
<doc>Opens a new browser instance to the optional ``url``.</doc>
<status status="PASS" start="2025-05-23T17:38:34.800361" elapsed="1.458743"/>
</kw>
<kw name="Maximize Browser Window" owner="SeleniumLibrary">
<doc>Maximizes current browser window.</doc>
<status status="PASS" start="2025-05-23T17:38:36.259355" elapsed="0.034752"/>
</kw>
<kw name="Sleep" owner="BuiltIn">
<msg time="2025-05-23T17:38:38.294706" level="INFO">Slept 2 seconds.</msg>
<arg>2s</arg>
<doc>Pauses the test executed for the given time.</doc>
<status status="PASS" start="2025-05-23T17:38:36.294322" elapsed="2.000502"/>
</kw>
<kw name="Input Text" owner="SeleniumLibrary">
<msg time="2025-05-23T17:38:38.295341" level="INFO">Typing text '04052972384' into text field '//*[@id='Cpf']'.</msg>
<arg>${INPUT_CPF}</arg>
<arg>${CPF}</arg>
<doc>Types the given ``text`` into the text field identified by ``locator``.</doc>
<status status="PASS" start="2025-05-23T17:38:38.294989" elapsed="0.113745"/>
</kw>
<kw name="Input Text" owner="SeleniumLibrary">
<msg time="2025-05-23T17:38:38.409112" level="INFO">Typing text 'qwer12' into text field '//*[@id='Password']'.</msg>
<arg>${INPUT_SENHA}</arg>
<arg>${SENHA}</arg>
<doc>Types the given ``text`` into the text field identified by ``locator``.</doc>
<status status="PASS" start="2025-05-23T17:38:38.408896" elapsed="0.072613"/>
</kw>
<kw name="Click Button" owner="SeleniumLibrary">
<msg time="2025-05-23T17:38:38.481950" level="INFO">Clicking button '//button[contains(text(),'Entrar')]'.</msg>
<arg>${BOTAO_ENTRAR}</arg>
<doc>Clicks the button identified by ``locator``.</doc>
<status status="PASS" start="2025-05-23T17:38:38.481703" elapsed="0.963885"/>
</kw>
<kw name="Sleep" owner="BuiltIn">
<msg time="2025-05-23T17:38:41.446171" level="INFO">Slept 2 seconds.</msg>
<arg>2s</arg>
<doc>Pauses the test executed for the given time.</doc>
<status status="PASS" start="2025-05-23T17:38:39.445759" elapsed="2.000531"/>
</kw>
<kw name="Capture Page Screenshot" owner="SeleniumLibrary">
<msg time="2025-05-23T17:38:41.545763" level="INFO" html="true">&lt;/td&gt;&lt;/tr&gt;&lt;tr&gt;&lt;td colspan="3"&gt;&lt;a href="selenium-screenshot-1.png"&gt;&lt;img src="selenium-screenshot-1.png" width="800px"&gt;&lt;/a&gt;</msg>
<doc>Takes a screenshot of the current page and embeds it into a log file.</doc>
<status status="PASS" start="2025-05-23T17:38:41.446457" elapsed="0.099394"/>
</kw>
<status status="PASS" start="2025-05-23T17:38:34.799794" elapsed="6.746159"/>
</kw>
<kw name="Navegar até página de cursos">
<kw name="Click Link" owner="SeleniumLibrary">
<msg time="2025-05-23T17:38:41.546685" level="INFO">Clicking link 'Cursos'.</msg>
<arg>Cursos</arg>
<doc>Clicks a link identified by ``locator``.</doc>
<status status="PASS" start="2025-05-23T17:38:41.546540" elapsed="0.217151"/>
</kw>
<kw name="Sleep" owner="BuiltIn">
<msg time="2025-05-23T17:38:43.764661" level="INFO">Slept 2 seconds.</msg>
<arg>2s</arg>
<doc>Pauses the test executed for the given time.</doc>
<status status="PASS" start="2025-05-23T17:38:41.763899" elapsed="2.000960"/>
</kw>
<kw name="Capture Page Screenshot" owner="SeleniumLibrary">
<msg time="2025-05-23T17:38:43.883828" level="INFO" html="true">&lt;/td&gt;&lt;/tr&gt;&lt;tr&gt;&lt;td colspan="3"&gt;&lt;a href="selenium-screenshot-2.png"&gt;&lt;img src="selenium-screenshot-2.png" width="800px"&gt;&lt;/a&gt;</msg>
<doc>Takes a screenshot of the current page and embeds it into a log file.</doc>
<status status="PASS" start="2025-05-23T17:38:43.765145" elapsed="0.118788"/>
</kw>
<status status="PASS" start="2025-05-23T17:38:41.546297" elapsed="2.337763"/>
</kw>
<kw name="Acessar tela de cadastro de curso">
<kw name="Wait Until Element Is Visible" owner="SeleniumLibrary">
<arg>${BOTAO_NOVO_CURSO}</arg>
<arg>10s</arg>
<doc>Waits until the element ``locator`` is visible.</doc>
<status status="PASS" start="2025-05-23T17:38:43.884704" elapsed="0.021849"/>
</kw>
<kw name="Click Element" owner="SeleniumLibrary">
<msg time="2025-05-23T17:38:43.906951" level="INFO">Clicking element '//button[contains(text(),'+ Novo Curso')]'.</msg>
<arg>${BOTAO_NOVO_CURSO}</arg>
<doc>Click the element identified by ``locator``.</doc>
<status status="PASS" start="2025-05-23T17:38:43.906739" elapsed="0.223754"/>
</kw>
<kw name="Sleep" owner="BuiltIn">
<msg time="2025-05-23T17:38:46.131150" level="INFO">Slept 2 seconds.</msg>
<arg>2s</arg>
<doc>Pauses the test executed for the given time.</doc>
<status status="PASS" start="2025-05-23T17:38:44.130653" elapsed="2.000688"/>
</kw>
<kw name="Capture Page Screenshot" owner="SeleniumLibrary">
<msg time="2025-05-23T17:38:46.247735" level="INFO" html="true">&lt;/td&gt;&lt;/tr&gt;&lt;tr&gt;&lt;td colspan="3"&gt;&lt;a href="selenium-screenshot-3.png"&gt;&lt;img src="selenium-screenshot-3.png" width="800px"&gt;&lt;/a&gt;</msg>
<doc>Takes a screenshot of the current page and embeds it into a log file.</doc>
<status status="PASS" start="2025-05-23T17:38:46.131615" elapsed="0.116208"/>
</kw>
<status status="PASS" start="2025-05-23T17:38:43.884409" elapsed="2.363493"/>
</kw>
<kw name="Preencher dados do curso">
<kw name="Input Text" owner="SeleniumLibrary">
<msg time="2025-05-23T17:38:46.248820" level="INFO">Typing text '11111111111111111111111111111111111111111111' into text field '//*[@name='Name']'.</msg>
<arg>${INPUT_NOME}</arg>
<arg>11111111111111111111111111111111111111111111</arg>
<doc>Types the given ``text`` into the text field identified by ``locator``.</doc>
<status status="PASS" start="2025-05-23T17:38:46.248622" elapsed="0.119539"/>
</kw>
<kw name="Input Text" owner="SeleniumLibrary">
<msg time="2025-05-23T17:38:46.368662" level="INFO">Typing text 'Automação de testes com Robot Framework Avançado' into text field '//*[@name='Description']'.</msg>
<arg>${INPUT_DESCRICAO}</arg>
<arg>Automação de testes com Robot Framework Avançado</arg>
<doc>Types the given ``text`` into the text field identified by ``locator``.</doc>
<status status="PASS" start="2025-05-23T17:38:46.368392" elapsed="0.146688"/>
</kw>
<kw name="Input Text" owner="SeleniumLibrary">
<msg time="2025-05-23T17:38:46.515545" level="INFO">Typing text '22/05/2025' into text field '//*[@name='StartDate']'.</msg>
<arg>${INPUT_START_DATE}</arg>
<arg>22/05/2025</arg>
<doc>Types the given ``text`` into the text field identified by ``locator``.</doc>
<status status="PASS" start="2025-05-23T17:38:46.515272" elapsed="0.095270"/>
</kw>
<kw name="Input Text" owner="SeleniumLibrary">
<msg time="2025-05-23T17:38:46.610894" level="INFO">Typing text '31/05/2025' into text field '//*[@name='EndDate']'.</msg>
<arg>${INPUT_END_DATE}</arg>
<arg>31/05/2025</arg>
<doc>Types the given ``text`` into the text field identified by ``locator``.</doc>
<status status="PASS" start="2025-05-23T17:38:46.610701" elapsed="0.072986"/>
</kw>
<kw name="Sleep" owner="BuiltIn">
<msg time="2025-05-23T17:38:47.684517" level="INFO">Slept 1 second.</msg>
<arg>1s</arg>
<doc>Pauses the test executed for the given time.</doc>
<status status="PASS" start="2025-05-23T17:38:46.683847" elapsed="1.000781"/>
</kw>
<kw name="Capture Page Screenshot" owner="SeleniumLibrary">
<msg time="2025-05-23T17:38:47.795321" level="INFO" html="true">&lt;/td&gt;&lt;/tr&gt;&lt;tr&gt;&lt;td colspan="3"&gt;&lt;a href="selenium-screenshot-4.png"&gt;&lt;img src="selenium-screenshot-4.png" width="800px"&gt;&lt;/a&gt;</msg>
<doc>Takes a screenshot of the current page and embeds it into a log file.</doc>
<status status="PASS" start="2025-05-23T17:38:47.684783" elapsed="0.110655"/>
</kw>
<status status="PASS" start="2025-05-23T17:38:46.248270" elapsed="1.547414"/>
</kw>
<kw name="Salvar cadastro">
<kw name="Click Element" owner="SeleniumLibrary">
<msg time="2025-05-23T17:38:47.796460" level="INFO">Clicking element '//button[contains(text(),'Salvar')]'.</msg>
<arg>${BTN_SALVAR}</arg>
<doc>Click the element identified by ``locator``.</doc>
<status status="PASS" start="2025-05-23T17:38:47.796259" elapsed="0.248867"/>
</kw>
<kw name="Sleep" owner="BuiltIn">
<msg time="2025-05-23T17:38:50.045603" level="INFO">Slept 2 seconds.</msg>
<arg>2s</arg>
<doc>Pauses the test executed for the given time.</doc>
<status status="PASS" start="2025-05-23T17:38:48.045345" elapsed="2.000394"/>
</kw>
<kw name="Capture Page Screenshot" owner="SeleniumLibrary">
<msg time="2025-05-23T17:38:50.153416" level="INFO" html="true">&lt;/td&gt;&lt;/tr&gt;&lt;tr&gt;&lt;td colspan="3"&gt;&lt;a href="selenium-screenshot-5.png"&gt;&lt;img src="selenium-screenshot-5.png" width="800px"&gt;&lt;/a&gt;</msg>
<doc>Takes a screenshot of the current page and embeds it into a log file.</doc>
<status status="PASS" start="2025-05-23T17:38:50.046010" elapsed="0.107495"/>
</kw>
<status status="PASS" start="2025-05-23T17:38:47.795984" elapsed="2.357599"/>
</kw>
<kw name="Fechar navegador">
<kw name="Close Browser" owner="SeleniumLibrary">
<doc>Closes the current browser.</doc>
<status status="PASS" start="2025-05-23T17:38:50.154215" elapsed="2.163020"/>
</kw>
<status status="PASS" start="2025-05-23T17:38:50.153879" elapsed="2.163555"/>
</kw>
<tag>cadastro</tag>
<tag>curso</tag>
<tag>positivo</tag>
<status status="PASS" start="2025-05-23T17:38:34.799020" elapsed="17.518826"/>
</test>
<status status="PASS" start="2025-05-23T17:38:34.595199" elapsed="17.723499"/>
</suite>
<statistics>
<total>
<stat pass="1" fail="0" skip="0">All Tests</stat>
</total>
<tag>
<stat pass="1" fail="0" skip="0">cadastro</stat>
<stat pass="1" fail="0" skip="0">curso</stat>
<stat pass="1" fail="0" skip="0">positivo</stat>
</tag>
<suite>
<stat name="Teste Cadastro Curso Bug" id="s1" pass="1" fail="0" skip="0">Teste Cadastro Curso Bug</stat>
</suite>
</statistics>
<errors>
</errors>
</robot>
